2025-03-10 10:44:56 PDT LOG:  database system was shut down at 2025-03-10 10:44:45 PDT
2025-03-10 10:49:56 PDT LOG:  checkpoint starting: time
2025-03-10 10:51:47 PDT LOG:  checkpoint complete: wrote 1019 buffers (6.2%); 0 WAL file(s) added, 0 removed, 0 recycled; write=110.762 s, sync=0.518 s, total=111.294 s; sync files=311, longest=0.012 s, average=0.002 s; distance=4818 kB, estimate=4818 kB; lsn=0/1A1DB30, redo lsn=0/1A1DAA0
2025-03-10 10:54:56 PDT LOG:  checkpoint starting: time
2025-03-10 10:54:57 PDT LOG:  checkpoint complete: wrote 8 buffers (0.0%); 0 WAL file(s) added, 0 removed, 0 recycled; write=0.767 s, sync=0.017 s, total=0.814 s; sync files=8, longest=0.003 s, average=0.003 s; distance=11 kB, estimate=4338 kB; lsn=0/1A207C8, redo lsn=0/1A20770
2025-03-10 11:04:56 PDT LOG:  checkpoint starting: time
2025-03-10 11:05:00 PDT LOG:  checkpoint complete: wrote 42 buffers (0.3%); 0 WAL file(s) added, 0 removed, 0 recycled; write=4.476 s, sync=0.074 s, total=4.572 s; sync files=35, longest=0.013 s, average=0.003 s; distance=155 kB, estimate=3919 kB; lsn=0/1A47580, redo lsn=0/1A47528
2025-03-10 11:20:12 PDT ERROR:  cannot drop schema statements because other objects depend on it
2025-03-10 11:20:12 PDT DETAIL:  table statements."Statements" depends on schema statements
2025-03-10 11:20:12 PDT HINT:  Use DROP ... CASCADE to drop the dependent objects too.
2025-03-10 11:20:12 PDT STATEMENT:  DROP SCHEMA IF EXISTS statements ;
2025-03-10 11:24:56 PDT LOG:  checkpoint starting: time
2025-03-10 11:24:58 PDT LOG:  checkpoint complete: wrote 16 buffers (0.1%); 0 WAL file(s) added, 0 removed, 0 recycled; write=1.636 s, sync=0.026 s, total=1.690 s; sync files=14, longest=0.003 s, average=0.002 s; distance=50 kB, estimate=3532 kB; lsn=0/1A53DA0, redo lsn=0/1A53D48
2025-03-10 11:28:32 PDT ERROR:  column "test" named in key does not exist at character 80
2025-03-10 11:28:32 PDT STATEMENT:  CREATE TABLE public.test
	(
	    id serial NOT NULL,
	    name text NOT NULL,
	    PRIMARY KEY (test)
	);
	
	
	
	ALTER TABLE IF EXISTS public.test
	    OWNER to postgres;
	
	
	
	
	
	
	
	
	
2025-03-10 11:29:04 PDT ERROR:  column "test" named in key does not exist at character 80
2025-03-10 11:29:04 PDT STATEMENT:  CREATE TABLE public.test
	(
	    id serial NOT NULL,
	    name text NOT NULL,
	    PRIMARY KEY (test, id)
	);
	
	
	
	ALTER TABLE IF EXISTS public.test
	    OWNER to postgres;
	
	
	
	
	
	
	
	
	
2025-03-10 11:29:24 PDT ERROR:  column "test" named in key does not exist at character 87
2025-03-10 11:29:24 PDT STATEMENT:  CREATE TABLE public."TestTable"
	(
	    id serial NOT NULL,
	    name text NOT NULL,
	    PRIMARY KEY (test, id)
	);
	
	
	
	ALTER TABLE IF EXISTS public."TestTable"
	    OWNER to postgres;
	
	
	
	
	
	
	
	
	
2025-03-10 11:31:10 PDT ERROR:  column "test" named in key does not exist at character 89
2025-03-10 11:31:10 PDT STATEMENT:  CREATE TABLE public."TestTable"
	(
	    id serial NOT NULL,
	    "Name" text NOT NULL,
	    PRIMARY KEY (test, id)
	);
	
	
	
	ALTER TABLE IF EXISTS public."TestTable"
	    OWNER to postgres;
	
	
	
	
	
	
	
	
	
2025-03-10 11:34:56 PDT LOG:  checkpoint starting: time
2025-03-10 11:35:01 PDT LOG:  checkpoint complete: wrote 48 buffers (0.3%); 0 WAL file(s) added, 0 removed, 0 recycled; write=5.151 s, sync=0.077 s, total=5.241 s; sync files=43, longest=0.012 s, average=0.002 s; distance=173 kB, estimate=3196 kB; lsn=0/1A7F1D8, redo lsn=0/1A7F180
2025-03-10 11:39:56 PDT LOG:  checkpoint starting: time
2025-03-10 11:40:00 PDT LOG:  checkpoint complete: wrote 35 buffers (0.2%); 0 WAL file(s) added, 0 removed, 0 recycled; write=3.720 s, sync=0.066 s, total=3.813 s; sync files=35, longest=0.004 s, average=0.002 s; distance=140 kB, estimate=2891 kB; lsn=0/1AA2518, redo lsn=0/1AA24C0
2025-03-10 11:44:56 PDT LOG:  checkpoint starting: time
2025-03-10 11:45:01 PDT LOG:  checkpoint complete: wrote 45 buffers (0.3%); 0 WAL file(s) added, 0 removed, 0 recycled; write=4.814 s, sync=0.077 s, total=4.908 s; sync files=37, longest=0.012 s, average=0.003 s; distance=148 kB, estimate=2617 kB; lsn=0/1AC77D0, redo lsn=0/1AC7740
2025-03-10 11:57:32 PDT FATAL:  password authentication failed for user "postgres,"
2025-03-10 11:57:32 PDT DETAIL:  Role "postgres," does not exist.
	Connection matched file "C:/Users/natha/Documents/grantManager/postgres/pg_hba.conf" line 117: "host    all             all             ::1/128                 scram-sha-256"
2025-03-10 11:58:34 PDT ERROR:  syntax error at or near "DROP" at character 869
2025-03-10 11:58:34 PDT STATEMENT:  -- Table: public.Users
	
	DROP TABLE IF EXISTS public."Users";
	
	CREATE TABLE IF NOT EXISTS public."Users"
	(
	    "UserID" integer NOT NULL DEFAULT nextval('"Users_UserID_seq"'::regclass),
	    "FirstName" text COLLATE pg_catalog."default" NOT NULL,
	    "LastName" text COLLATE pg_catalog."default",
	    "Email" text COLLATE pg_catalog."default",
	    "Hash" text COLLATE pg_catalog."default",
	    CONSTRAINT "Users_pkey" PRIMARY KEY ("UserID")
	)
	
	TABLESPACE pg_default;
	
	ALTER TABLE IF EXISTS public."Users"
	    OWNER to postgres;
	
	INSERT INTO Users (FirstName, LastName, Email, Hash)
	VALUES 
	    ('John', 'Doe', 'JohnDoe@gmail.com', 'asdfasdfasdfasdf'),
	    ('Jane','Smith','jane.smith@example.com','hashedpassword2'),
	    ('Alice','Johnson','alice.johnson@example.com','hashedpassword3')
	
	--------------------------------------------------------------------------------
	
	DROP TABLE IF EXISTS public."Grants";
	
	CREATE TABLE IF NOT EXISTS public."Grants"
	(
	    "GrantID" integer NOT NULL DEFAULT nextval('"Grants_GrantID_seq"'::regclass),
	    "GrantName" text COLLATE pg_catalog."default" NOT NULL,
	    "Amount" money NOT NULL,
	    CONSTRAINT "Grants_pkey" PRIMARY KEY ("GrantID")
	)
	
	TABLESPACE pg_default;
	
	ALTER TABLE IF EXISTS public."Grants"
	    OWNER to postgres;
	
	INSERT INTO `Grants` (GrantID, GrantName, Amount)
	VALUES 
	    (1,'Research Grant A',100000.00),
	    (2,'Community Grant B',50000.00),
	    (3,'Education Grant C',75000.00);
	
	--------------------------------------------------------------------------------
	
	
	DROP TABLE IF EXISTS public."Transactions";
	
	CREATE TABLE IF NOT EXISTS public."Transactions"
	(
	    "TransactionID" integer NOT NULL DEFAULT nextval('"Transactions_TransactionID_seq"'::regclass),
	    "GrantID" integer NOT NULL,
	    "UserID" integer NOT NULL,
	    "Amount" money NOT NULL,
	    "Date" date NOT NULL,
	    "Description" text,
	    CONSTRAINT "Transactions_pkey" PRIMARY KEY ("TransactionID"),
	    CONSTRAINT fk_grant_id FOREIGN KEY ("GrantID")
	        REFERENCES public."Grants" ("GrantID") MATCH SIMPLE
	        ON UPDATE NO ACTION
	        ON DELETE NO ACTION,
	    CONSTRAINT fk_user_id FOREIGN KEY ("UserID")
	        REFERENCES public."Users" ("UserID") MATCH SIMPLE
	        ON UPDATE NO ACTION
	        ON DELETE NO ACTION
	)
	
	TABLESPACE pg_default;
	
	ALTER TABLE IF EXISTS public."Transactions"
	    OWNER to postgres;
	
	
	INSERT INTO `Transactions` (GrantID, UserID, Amount, Date, Description)
	VALUES
	    (1,1,1000.00,'2023-01-15','Purchase of lab equipment'),
	    (2,2,1000.00,'2023-02-20','Community event expenses'),
	    (3,3,1000.00,'2023-03-10','Educational materials'),
	    (1,1,1000.00,'2023-04-05','Research materials'),
	    (2,2,1000.00,'2023-05-12','Community outreach program');
	
2025-03-10 11:59:45 PDT ERROR:  relation "Users_UserID_seq" does not exist at character 128
2025-03-10 11:59:45 PDT STATEMENT:  DROP TABLE IF EXISTS public."Users";
	CREATE TABLE IF NOT EXISTS public."Users"
	(
	    "UserID" integer NOT NULL DEFAULT nextval('"Users_UserID_seq"'::regclass),
	    "FirstName" text COLLATE pg_catalog."default" NOT NULL,
	    "LastName" text COLLATE pg_catalog."default",
	    "Email" text COLLATE pg_catalog."default",
	    "Hash" text COLLATE pg_catalog."default",
	    CONSTRAINT "Users_pkey" PRIMARY KEY ("UserID")
	)
	TABLESPACE pg_default;
	
	ALTER TABLE IF EXISTS public."Users"
	    OWNER to postgres;
	
	INSERT INTO Users (FirstName, LastName, Email, Hash)
	VALUES 
	    ('John', 'Doe', 'JohnDoe@gmail.com', 'asdfasdfasdfasdf'),
	    ('Jane','Smith','jane.smith@example.com','hashedpassword2'),
	    ('Alice','Johnson','alice.johnson@example.com','hashedpassword3');
2025-03-10 11:59:56 PDT LOG:  checkpoint starting: time
2025-03-10 11:59:59 PDT LOG:  checkpoint complete: wrote 25 buffers (0.2%); 0 WAL file(s) added, 0 removed, 0 recycled; write=2.630 s, sync=0.036 s, total=2.693 s; sync files=20, longest=0.003 s, average=0.002 s; distance=95 kB, estimate=2364 kB; lsn=0/1ADF680, redo lsn=0/1ADF628
2025-03-10 12:00:31 PDT ERROR:  cannot drop table "Users" because other objects depend on it
2025-03-10 12:00:31 PDT DETAIL:  constraint fk_user_id on table "Transactions" depends on table "Users"
2025-03-10 12:00:31 PDT HINT:  Use DROP ... CASCADE to drop the dependent objects too.
2025-03-10 12:00:31 PDT STATEMENT:  -- Table: public.Users
	
	DROP TABLE IF EXISTS public."Users";
	
	CREATE TABLE IF NOT EXISTS public."Users"
	(
	    "UserID" integer NOT NULL DEFAULT nextval('"Users_UserID_seq"'::regclass),
	    "FirstName" text COLLATE pg_catalog."default" NOT NULL,
	    "LastName" text COLLATE pg_catalog."default",
	    "Email" text COLLATE pg_catalog."default",
	    "Hash" text COLLATE pg_catalog."default",
	    CONSTRAINT "Users_pkey" PRIMARY KEY ("UserID")
	)
	
	TABLESPACE pg_default;
	
	ALTER TABLE IF EXISTS public."Users"
	    OWNER to postgres;
2025-03-10 12:01:23 PDT ERROR:  cannot drop table "Users" because other objects depend on it
2025-03-10 12:01:23 PDT DETAIL:  constraint fk_user_id on table "Transactions" depends on table "Users"
2025-03-10 12:01:23 PDT HINT:  Use DROP ... CASCADE to drop the dependent objects too.
2025-03-10 12:01:23 PDT STATEMENT:  -- Table: public.Users
	
	DROP TABLE IF EXISTS public."Users";
	
	CREATE TABLE IF NOT EXISTS public."Users"
	(
	    "UserID" integer NOT NULL DEFAULT nextval('"Users_UserID_seq"'::regclass),
	    "FirstName" text COLLATE pg_catalog."default" NOT NULL,
	    "LastName" text COLLATE pg_catalog."default",
	    "Email" text COLLATE pg_catalog."default",
	    "Hash" text COLLATE pg_catalog."default",
	    CONSTRAINT "Users_pkey" PRIMARY KEY ("UserID")
	)
	
	TABLESPACE pg_default;
	
	ALTER TABLE IF EXISTS public."Users"
	    OWNER to postgres;
2025-03-10 12:01:34 PDT ERROR:  relation "Users_UserID_seq" does not exist at character 235
2025-03-10 12:01:34 PDT STATEMENT:  -- Table: public.Users
	
	DROP TABLE IF EXISTS public."Transactions";
	DROP TABLE IF EXISTS public."Grants";
	DROP TABLE IF EXISTS public."Users";
	
	CREATE TABLE IF NOT EXISTS public."Users"
	(
	    "UserID" integer NOT NULL DEFAULT nextval('"Users_UserID_seq"'::regclass),
	    "FirstName" text COLLATE pg_catalog."default" NOT NULL,
	    "LastName" text COLLATE pg_catalog."default",
	    "Email" text COLLATE pg_catalog."default",
	    "Hash" text COLLATE pg_catalog."default",
	    CONSTRAINT "Users_pkey" PRIMARY KEY ("UserID")
	)
	
	TABLESPACE pg_default;
	
	ALTER TABLE IF EXISTS public."Users"
	    OWNER to postgres;
2025-03-10 12:02:33 PDT ERROR:  cannot drop table "Users" because other objects depend on it
2025-03-10 12:02:33 PDT DETAIL:  constraint fk_user_id on table "Transactions" depends on table "Users"
2025-03-10 12:02:33 PDT HINT:  Use DROP ... CASCADE to drop the dependent objects too.
2025-03-10 12:02:33 PDT STATEMENT:  -- Table: public.Users
	
	DROP TABLE IF EXISTS public."Users";
	
	CREATE TABLE IF NOT EXISTS public."Users"
	(
	    "UserID" integer NOT NULL DEFAULT nextval('"Users_UserID_seq"'::regclass),
	    "FirstName" text COLLATE pg_catalog."default" NOT NULL,
	    "LastName" text COLLATE pg_catalog."default",
	    "Email" text COLLATE pg_catalog."default",
	    "Hash" text COLLATE pg_catalog."default",
	    CONSTRAINT "Users_pkey" PRIMARY KEY ("UserID")
	)
	
	TABLESPACE pg_default;
	
	ALTER TABLE IF EXISTS public."Users"
	    OWNER to postgres;
2025-03-10 12:03:15 PDT ERROR:  relation "Users_UserID_seq" does not exist at character 162
2025-03-10 12:03:15 PDT STATEMENT:  -- Table: public.Users
	
	DROP TABLE IF EXISTS public."Users" CASCADE; 
	
	CREATE TABLE IF NOT EXISTS public."Users"
	(
	    "UserID" integer NOT NULL DEFAULT nextval('"Users_UserID_seq"'::regclass),
	    "FirstName" text COLLATE pg_catalog."default" NOT NULL,
	    "LastName" text COLLATE pg_catalog."default",
	    "Email" text COLLATE pg_catalog."default",
	    "Hash" text COLLATE pg_catalog."default",
	    CONSTRAINT "Users_pkey" PRIMARY KEY ("UserID")
	)
	
	TABLESPACE pg_default;
	
	ALTER TABLE IF EXISTS public."Users"
	    OWNER to postgres;
2025-03-10 12:04:56 PDT LOG:  checkpoint starting: time
2025-03-10 12:05:01 PDT LOG:  checkpoint complete: wrote 45 buffers (0.3%); 0 WAL file(s) added, 0 removed, 0 recycled; write=4.840 s, sync=0.073 s, total=4.936 s; sync files=36, longest=0.012 s, average=0.002 s; distance=230 kB, estimate=2151 kB; lsn=0/1B18E90, redo lsn=0/1B18E38
2025-03-10 12:06:10 PDT ERROR:  relation "users" does not exist at character 587
2025-03-10 12:06:10 PDT STATEMENT:  DROP TABLE IF EXISTS test."Transactions";
	DROP TABLE IF EXISTS test."Grants";
	DROP TABLE IF EXISTS test."Users";
	
	CREATE TABLE IF NOT EXISTS test."Users"
	(
	    "UserID" integer NOT NULL DEFAULT nextval('"Users_UserID_seq"'::regclass),
	    "FirstName" text COLLATE pg_catalog."default" NOT NULL,
	    "LastName" text COLLATE pg_catalog."default",
	    "Email" text COLLATE pg_catalog."default",
	    "Hash" text COLLATE pg_catalog."default",
	    CONSTRAINT "Users_pkey" PRIMARY KEY ("UserID")
	)
	TABLESPACE pg_default;
	
	ALTER TABLE IF EXISTS test."Users"
	    OWNER to postgres;
	
	INSERT INTO Users (FirstName, LastName, Email, Hash)
	VALUES 
	    ('John', 'Doe', 'JohnDoe@gmail.com', 'asdfasdfasdfasdf'),
	    ('Jane','Smith','jane.smith@example.com','hashedpassword2'),
	    ('Alice','Johnson','alice.johnson@example.com','hashedpassword3');
	
2025-03-10 12:06:30 PDT ERROR:  relation "test.users" does not exist at character 587
2025-03-10 12:06:30 PDT STATEMENT:  DROP TABLE IF EXISTS test."Transactions";
	DROP TABLE IF EXISTS test."Grants";
	DROP TABLE IF EXISTS test."Users";
	
	CREATE TABLE IF NOT EXISTS test."Users"
	(
	    "UserID" integer NOT NULL DEFAULT nextval('"Users_UserID_seq"'::regclass),
	    "FirstName" text COLLATE pg_catalog."default" NOT NULL,
	    "LastName" text COLLATE pg_catalog."default",
	    "Email" text COLLATE pg_catalog."default",
	    "Hash" text COLLATE pg_catalog."default",
	    CONSTRAINT "Users_pkey" PRIMARY KEY ("UserID")
	)
	TABLESPACE pg_default;
	
	ALTER TABLE IF EXISTS test."Users"
	    OWNER to postgres;
	
	INSERT INTO test.Users (FirstName, LastName, Email, Hash)
	VALUES 
	    ('John', 'Doe', 'JohnDoe@gmail.com', 'asdfasdfasdfasdf'),
	    ('Jane','Smith','jane.smith@example.com','hashedpassword2'),
	    ('Alice','Johnson','alice.johnson@example.com','hashedpassword3');
	
2025-03-10 12:06:49 PDT ERROR:  syntax error at or near "Users" at character 1
2025-03-10 12:06:49 PDT STATEMENT:  Users
2025-03-10 12:09:29 PDT ERROR:  relation "test.USERS" does not exist at character 864
2025-03-10 12:09:29 PDT STATEMENT:  DROP TABLE IF EXISTS test."Transactions";
	DROP TABLE IF EXISTS test."Grants";
	DROP TABLE IF EXISTS test."Users";
	
	CREATE TABLE IF NOT EXISTS test."Users"
	(
	    "UserID" integer NOT NULL DEFAULT nextval('"Users_UserID_seq"'::regclass),
	    "FirstName" text COLLATE pg_catalog."default" NOT NULL,
	    "LastName" text COLLATE pg_catalog."default",
	    "Email" text COLLATE pg_catalog."default",
	    "Hash" text COLLATE pg_catalog."default",
	    CONSTRAINT "Users_pkey" PRIMARY KEY ("UserID")
	)
	TABLESPACE pg_default;
	
	ALTER TABLE IF EXISTS test."Users"
	    OWNER to postgres;
	
	
	INSERT INTO test."Users"("FirstName", "LastName", "Email", "Hash")
	VALUES
	    ('John', 'Doe', 'JohnDoe@gmail.com', 'asdfasdfasdfasdf'),
	    ('Jane','Smith','jane.smith@example.com','hashedpassword2'),
	    ('Alice','Johnson','alice.johnson@example.com','hashedpassword3');
	
	
	Select * FROM test."USERS"
2025-03-10 12:09:56 PDT LOG:  checkpoint starting: time
2025-03-10 12:10:01 PDT LOG:  checkpoint complete: wrote 47 buffers (0.3%); 0 WAL file(s) added, 0 removed, 0 recycled; write=5.036 s, sync=0.073 s, total=5.133 s; sync files=53, longest=0.003 s, average=0.002 s; distance=232 kB, estimate=1959 kB; lsn=0/1B52F98, redo lsn=0/1B52F08
2025-03-10 12:10:50 PDT ERROR:  syntax error at or near "`" at character 367
2025-03-10 12:10:50 PDT STATEMENT:  CREATE TABLE IF NOT EXISTS test."Grants"
	(
	    "GrantID" integer NOT NULL DEFAULT nextval('"Grants_GrantID_seq"'::regclass),
	    "GrantName" text COLLATE pg_catalog."default" NOT NULL,
	    "Amount" money NOT NULL,
	    CONSTRAINT "Grants_pkey" PRIMARY KEY ("GrantID")
	)
	
	TABLESPACE pg_default;
	
	ALTER TABLE IF EXISTS test."Grants"
	    OWNER to postgres;
	
	INSERT INTO `Grants` ("GrantID", "GrantName", "Amount")
	VALUES
	    (1,'Research Grant A',100000.00),
	    (2,'Community Grant B',50000.00),
	    (3,'Education Grant C',75000.00);
2025-03-10 12:10:58 PDT ERROR:  syntax error at or near "`" at character 372
2025-03-10 12:10:58 PDT STATEMENT:  CREATE TABLE IF NOT EXISTS test."Grants"
	(
	    "GrantID" integer NOT NULL DEFAULT nextval('"Grants_GrantID_seq"'::regclass),
	    "GrantName" text COLLATE pg_catalog."default" NOT NULL,
	    "Amount" money NOT NULL,
	    CONSTRAINT "Grants_pkey" PRIMARY KEY ("GrantID")
	)
	
	TABLESPACE pg_default;
	
	ALTER TABLE IF EXISTS test."Grants"
	    OWNER to postgres;
	
	INSERT INTO test.`Grants` ("GrantID", "GrantName", "Amount")
	VALUES
	    (1,'Research Grant A',100000.00),
	    (2,'Community Grant B',50000.00),
	    (3,'Education Grant C',75000.00);
2025-03-10 12:11:28 PDT ERROR:  duplicate key value violates unique constraint "Grants_pkey"
2025-03-10 12:11:28 PDT DETAIL:  Key ("GrantID")=(1) already exists.
2025-03-10 12:11:28 PDT STATEMENT:  CREATE TABLE IF NOT EXISTS test."Grants"
	(
	    "GrantID" integer NOT NULL DEFAULT nextval('"Grants_GrantID_seq"'::regclass),
	    "GrantName" text COLLATE pg_catalog."default" NOT NULL,
	    "Amount" money NOT NULL,
	    CONSTRAINT "Grants_pkey" PRIMARY KEY ("GrantID")
	)
	
	TABLESPACE pg_default;
	
	ALTER TABLE IF EXISTS test."Grants"
	    OWNER to postgres;
	
	INSERT INTO test."Grants"("GrantID", "GrantName", "Amount")
	VALUES
	    (1,'Research Grant A',100000.00),
	    (2,'Community Grant B',50000.00),
	    (3,'Education Grant C',75000.00);
	
	SELECT * FROM test.Grants
2025-03-10 12:11:36 PDT ERROR:  syntax error at end of input at character 193
2025-03-10 12:11:36 PDT STATEMENT:  INSERT INTO test."Grants"("GrantID", "GrantName", "Amount")
	-- VALUES
	--     (1,'Research Grant A',100000.00),
	--     (2,'Community Grant B',50000.00),
	--     (3,'Education Grant C',75000.00);
2025-03-10 12:11:42 PDT ERROR:  relation "test.grants" does not exist at character 371
2025-03-10 12:11:42 PDT STATEMENT:  CREATE TABLE IF NOT EXISTS test."Grants"
	(
	    "GrantID" integer NOT NULL DEFAULT nextval('"Grants_GrantID_seq"'::regclass),
	    "GrantName" text COLLATE pg_catalog."default" NOT NULL,
	    "Amount" money NOT NULL,
	    CONSTRAINT "Grants_pkey" PRIMARY KEY ("GrantID")
	)
	
	TABLESPACE pg_default;
	
	ALTER TABLE IF EXISTS test."Grants"
	    OWNER to postgres;
	
	
	
	SELECT * FROM test.Grants
2025-03-10 12:11:51 PDT ERROR:  syntax error at or near "Grants" at character 1
2025-03-10 12:11:51 PDT STATEMENT:  Grants
2025-03-10 12:12:40 PDT ERROR:  insert or update on table "Transactions" violates foreign key constraint "fk_user_id"
2025-03-10 12:12:40 PDT DETAIL:  Key (UserID)=(1) is not present in table "Users".
2025-03-10 12:12:40 PDT STATEMENT:  CREATE TABLE IF NOT EXISTS test."Transactions"
	(
	    "TransactionID" integer NOT NULL DEFAULT nextval('"Transactions_TransactionID_seq"'::regclass),
	    "GrantID" integer NOT NULL,
	    "UserID" integer NOT NULL,
	    "Amount" money NOT NULL,
	    "Date" date NOT NULL,
	    "Description" text,
	    CONSTRAINT "Transactions_pkey" PRIMARY KEY ("TransactionID"),
	    CONSTRAINT fk_grant_id FOREIGN KEY ("GrantID")
	        REFERENCES test."Grants" ("GrantID") MATCH SIMPLE
	        ON UPDATE NO ACTION
	        ON DELETE NO ACTION,
	    CONSTRAINT fk_user_id FOREIGN KEY ("UserID")
	        REFERENCES test."Users" ("UserID") MATCH SIMPLE
	        ON UPDATE NO ACTION
	        ON DELETE NO ACTION
	)
	
	TABLESPACE pg_default;
	
	ALTER TABLE IF EXISTS test."Transactions"
	    OWNER to postgres;
	
	
	INSERT INTO test."Transactions" ("GrantID", "UserID", "Amount", "Date", "Description")
	VALUES
	    (1,1,1000.00,'2023-01-15','Purchase of lab equipment'),
	    (2,2,1000.00,'2023-02-20','Community event expenses'),
	    (3,3,1000.00,'2023-03-10','Educational materials'),
	    (1,1,1000.00,'2023-04-05','Research materials'),
	    (2,2,1000.00,'2023-05-12','Community outreach program');
	
	SELECT * FROM test."Transactions";
2025-03-10 12:14:56 PDT LOG:  checkpoint starting: time
2025-03-10 12:15:04 PDT LOG:  checkpoint complete: wrote 73 buffers (0.4%); 0 WAL file(s) added, 0 removed, 0 recycled; write=7.877 s, sync=0.107 s, total=8.012 s; sync files=71, longest=0.012 s, average=0.002 s; distance=395 kB, estimate=1803 kB; lsn=0/1BB5CF0, redo lsn=0/1BB5C60
2025-03-10 12:15:46 PDT ERROR:  syntax error at end of input at character 149
2025-03-10 12:15:46 PDT STATEMENT:  
	INSERT INTO test."Transactions" ("GrantID", "UserID", "Amount", "Date", "Description")
	VALUES
	    (1,1,1000.00,'2023-01-15','SAMPLE, TRANSACTION'),
2025-03-10 12:19:56 PDT LOG:  checkpoint starting: time
2025-03-10 12:20:04 PDT LOG:  checkpoint complete: wrote 73 buffers (0.4%); 1 WAL file(s) added, 0 removed, 0 recycled; write=7.871 s, sync=0.098 s, total=8.028 s; sync files=50, longest=0.012 s, average=0.002 s; distance=368 kB, estimate=1659 kB; lsn=0/1C11E90, redo lsn=0/1C11E00
2025-03-10 12:49:33 PDT ERROR:  column "amount" does not exist at character 8
2025-03-10 12:49:33 PDT HINT:  Perhaps you meant to reference the column "Transactions.Amount".
2025-03-10 12:49:33 PDT STATEMENT:  SELECT Amount FROM test."Transactions"
	ORDER BY "TransactionID" ASC 
2025-03-10 12:49:38 PDT ERROR:  syntax error at or near "Amount" at character 1
2025-03-10 12:49:38 PDT STATEMENT:  Amount
2025-03-10 12:49:58 PDT LOG:  checkpoint starting: time
2025-03-10 12:49:58 PDT LOG:  checkpoint complete: wrote 1 buffers (0.0%); 0 WAL file(s) added, 0 removed, 0 recycled; write=0.113 s, sync=0.004 s, total=0.136 s; sync files=1, longest=0.004 s, average=0.004 s; distance=5 kB, estimate=1494 kB; lsn=0/1C132D8, redo lsn=0/1C13280
2025-03-10 12:50:12 PDT ERROR:  operator does not exist: money > integer at character 57
2025-03-10 12:50:12 PDT HINT:  No operator matches the given name and argument types. You might need to add explicit type casts.
2025-03-10 12:50:12 PDT STATEMENT:  SELECT "Amount" FROM test."Transactions"
	WHERE "Amount" > (
	SELECT 1
	)
2025-03-10 12:50:23 PDT ERROR:  operator does not exist: money > integer at character 57
2025-03-10 12:50:23 PDT HINT:  No operator matches the given name and argument types. You might need to add explicit type casts.
2025-03-10 12:50:23 PDT STATEMENT:  SELECT "Amount" FROM test."Transactions"
	WHERE "Amount" > 1
2025-03-10 12:50:46 PDT ERROR:  operator does not exist: money > integer at character 62
2025-03-10 12:50:46 PDT HINT:  No operator matches the given name and argument types. You might need to add explicit type casts.
2025-03-10 12:50:46 PDT STATEMENT:  SELECT "Amount" 
	FROM test."Transactions" t
	WHERE t."Amount" > 1
2025-03-10 12:51:30 PDT ERROR:  operator does not exist: money > numeric at character 62
2025-03-10 12:51:30 PDT HINT:  No operator matches the given name and argument types. You might need to add explicit type casts.
2025-03-10 12:51:30 PDT STATEMENT:  SELECT "Amount" 
	FROM test."Transactions" t
	WHERE t."Amount" > 1.0
	
2025-03-10 12:54:58 PDT LOG:  checkpoint starting: time
2025-03-10 12:54:59 PDT LOG:  checkpoint complete: wrote 8 buffers (0.0%); 0 WAL file(s) added, 0 removed, 0 recycled; write=0.772 s, sync=0.016 s, total=0.815 s; sync files=8, longest=0.003 s, average=0.002 s; distance=2 kB, estimate=1345 kB; lsn=0/1C13D38, redo lsn=0/1C13CE0
2025-03-10 13:09:58 PDT LOG:  checkpoint starting: time
2025-03-10 13:10:03 PDT LOG:  checkpoint complete: wrote 45 buffers (0.3%); 0 WAL file(s) added, 0 removed, 0 recycled; write=4.829 s, sync=0.065 s, total=4.919 s; sync files=39, longest=0.003 s, average=0.002 s; distance=217 kB, estimate=1232 kB; lsn=0/1C4A370, redo lsn=0/1C4A2E0
2025-03-10 13:14:58 PDT LOG:  checkpoint starting: time
2025-03-10 13:15:02 PDT LOG:  checkpoint complete: wrote 34 buffers (0.2%); 0 WAL file(s) added, 0 removed, 0 recycled; write=3.627 s, sync=0.052 s, total=3.705 s; sync files=28, longest=0.003 s, average=0.002 s; distance=184 kB, estimate=1127 kB; lsn=0/1C784F0, redo lsn=0/1C78460
2025-03-10 13:24:58 PDT LOG:  checkpoint starting: time
2025-03-10 13:25:04 PDT LOG:  checkpoint complete: wrote 56 buffers (0.3%); 0 WAL file(s) added, 0 removed, 0 recycled; write=6.000 s, sync=0.077 s, total=6.101 s; sync files=43, longest=0.004 s, average=0.002 s; distance=257 kB, estimate=1040 kB; lsn=0/1CB8928, redo lsn=0/1CB8898
2025-03-10 13:43:33 PDT ERROR:  relation "rules.Rules" does not exist at character 15
2025-03-10 13:43:33 PDT STATEMENT:  SELECT * FROM Rules."Rules"
2025-03-10 13:43:54 PDT ERROR:  current transaction is aborted, commands ignored until end of transaction block
2025-03-10 13:43:54 PDT STATEMENT:  SELECT * FROM Rules."Rule"
2025-03-10 13:45:44 PDT ERROR:  relation "rules.Rule" does not exist at character 15
2025-03-10 13:45:44 PDT STATEMENT:  SELECT * FROM Rules."Rule"
2025-03-10 13:49:58 PDT LOG:  checkpoint starting: time
2025-03-10 13:49:58 PDT LOG:  checkpoint complete: wrote 5 buffers (0.0%); 0 WAL file(s) added, 0 removed, 0 recycled; write=0.436 s, sync=0.009 s, total=0.468 s; sync files=5, longest=0.003 s, average=0.002 s; distance=2 kB, estimate=936 kB; lsn=0/1CB9128, redo lsn=0/1CB90D0
2025-03-10 13:50:47 PDT ERROR:  column "test" does not exist at character 69
2025-03-10 13:50:47 PDT STATEMENT:  INSERT INTO rules."Selectors" ("Schema", "Table", "Column")
	VALUES ("test", "Transaction", "Amount");
2025-03-10 13:51:52 PDT ERROR:  column "test" does not exist at character 70
2025-03-10 13:51:52 PDT STATEMENT:  INSERT INTO rules."Selectors" ("Schema", "Table", "Column")
	VALUES
		("test", "Transaction", "Amount");
2025-03-10 13:52:38 PDT ERROR:  column "test" does not exist at character 80
2025-03-10 13:52:38 PDT STATEMENT:  INSERT INTO rules."Selectors" ("SID", "Schema", "Table", "Column")
	VALUES
		(1, "test", "Transaction", "Amount");
2025-03-10 13:53:19 PDT ERROR:  duplicate key value violates unique constraint "Selectors_pkey"
2025-03-10 13:53:19 PDT DETAIL:  Key ("SID")=(1) already exists.
2025-03-10 13:53:19 PDT STATEMENT:  INSERT INTO rules."Selectors" ("SID", "Schema", "Table", "Column")
	VALUES
		(1, 'test', 'Transaction', 'Amount');
	
	SELECT * FROM rules."Selectors";
2025-03-10 13:54:58 PDT LOG:  checkpoint starting: time
2025-03-10 13:54:59 PDT LOG:  checkpoint complete: wrote 6 buffers (0.0%); 0 WAL file(s) added, 0 removed, 0 recycled; write=0.537 s, sync=0.021 s, total=0.584 s; sync files=5, longest=0.012 s, average=0.005 s; distance=0 kB, estimate=843 kB; lsn=0/1CB9440, redo lsn=0/1CB93E8
2025-03-10 13:58:59 PDT ERROR:  column "Aggregator" of relation "Selectors" contains null values
2025-03-10 13:58:59 PDT STATEMENT:  ALTER TABLE IF EXISTS rules."Selectors"
	    ADD COLUMN "Aggregator" text NOT NULL;
2025-03-10 13:59:58 PDT LOG:  checkpoint starting: time
2025-03-10 13:59:59 PDT LOG:  checkpoint complete: wrote 8 buffers (0.0%); 0 WAL file(s) added, 0 removed, 0 recycled; write=0.756 s, sync=0.015 s, total=0.792 s; sync files=7, longest=0.003 s, average=0.002 s; distance=39 kB, estimate=762 kB; lsn=0/1CC3060, redo lsn=0/1CC3008
2025-03-10 14:00:14 PDT ERROR:  cannot use column reference in DEFAULT expression
2025-03-10 14:00:14 PDT STATEMENT:  ALTER TABLE IF EXISTS rules."Selectors"
	    ALTER COLUMN "Aggregator" SET DEFAULT MAX;
	
	ALTER TABLE IF EXISTS rules."Selectors"
	    ALTER COLUMN "Aggregator" SET NOT NULL;
2025-03-10 14:01:32 PDT ERROR:  column ">" does not exist at character 80
2025-03-10 14:01:32 PDT STATEMENT:  INSERT INTO rules."Conditions" ("LeftSID", "Operator", "RightSID")
	VALUES
		(1, ">", 2);
	
2025-03-10 14:04:58 PDT LOG:  checkpoint starting: time
2025-03-10 14:04:59 PDT LOG:  checkpoint complete: wrote 16 buffers (0.1%); 0 WAL file(s) added, 0 removed, 0 recycled; write=1.637 s, sync=0.028 s, total=1.689 s; sync files=14, longest=0.003 s, average=0.002 s; distance=50 kB, estimate=691 kB; lsn=0/1CD14D0, redo lsn=0/1CCF9B8
2025-03-10 14:11:01 PDT LOG:  could not receive data from client: An existing connection was forcibly closed by the remote host.
	
2025-03-10 14:11:01 PDT LOG:  could not receive data from client: An existing connection was forcibly closed by the remote host.
	
2025-03-10 14:11:01 PDT LOG:  could not receive data from client: An existing connection was forcibly closed by the remote host.
	
2025-03-10 14:11:01 PDT LOG:  could not receive data from client: An existing connection was forcibly closed by the remote host.
	
2025-03-10 14:11:01 PDT LOG:  could not receive data from client: An existing connection was forcibly closed by the remote host.
	
2025-03-10 14:11:01 PDT LOG:  could not receive data from client: An existing connection was forcibly closed by the remote host.
	
2025-03-10 14:11:01 PDT LOG:  could not receive data from client: An existing connection was forcibly closed by the remote host.
	
2025-03-10 14:11:01 PDT LOG:  could not receive data from client: An existing connection was forcibly closed by the remote host.
	
